Traceback (most recent call last):
  File "/opt/homebrew/Caskroom/miniconda/base/envs/myenv/lib/python3.10/site-packages/jupyter_cache/executors/utils.py", line 51, in single_nb_execution
    executenb(
  File "/opt/homebrew/Caskroom/miniconda/base/envs/myenv/lib/python3.10/site-packages/nbclient/client.py", line 1204, in execute
    return NotebookClient(nb=nb, resources=resources, km=km, **kwargs).execute()
  File "/opt/homebrew/Caskroom/miniconda/base/envs/myenv/lib/python3.10/site-packages/nbclient/util.py", line 84, in wrapped
    return just_run(coro(*args, **kwargs))
  File "/opt/homebrew/Caskroom/miniconda/base/envs/myenv/lib/python3.10/site-packages/nbclient/util.py", line 62, in just_run
    return loop.run_until_complete(coro)
  File "/opt/homebrew/Caskroom/miniconda/base/envs/myenv/lib/python3.10/asyncio/base_events.py", line 649, in run_until_complete
    return future.result()
  File "/opt/homebrew/Caskroom/miniconda/base/envs/myenv/lib/python3.10/site-packages/nbclient/client.py", line 663, in async_execute
    await self.async_execute_cell(
  File "/opt/homebrew/Caskroom/miniconda/base/envs/myenv/lib/python3.10/site-packages/nbclient/client.py", line 965, in async_execute_cell
    await self._check_raise_for_error(cell, cell_index, exec_reply)
  File "/opt/homebrew/Caskroom/miniconda/base/envs/myenv/lib/python3.10/site-packages/nbclient/client.py", line 862, in _check_raise_for_error
    raise CellExecutionError.from_cell_and_msg(cell, exec_reply_content)
nbclient.exceptions.CellExecutionError: An error occurred while executing the following cell:
------------------
import cvxpy as cp

N = 6
w = cp.Variable(N)
risk = cp.quad_form(w, Sigma)
prob = cp.Problem(cp.Minimize(risk), [A@w == b])
prob.solve(solver=cp.SCS)   

print( w.value, prob.value)
------------------

[0;31m---------------------------------------------------------------------------[0m
[0;31mImportError[0m                               Traceback (most recent call last)
Cell [0;32mIn[7], line 1[0m
[0;32m----> 1[0m [38;5;28;01mimport[39;00m [38;5;21;01mcvxpy[39;00m [38;5;28;01mas[39;00m [38;5;21;01mcp[39;00m
[1;32m      3[0m N [38;5;241m=[39m [38;5;241m6[39m
[1;32m      4[0m w [38;5;241m=[39m cp[38;5;241m.[39mVariable(N)

File [0;32m/opt/homebrew/Caskroom/miniconda/base/envs/myenv/lib/python3.10/site-packages/cvxpy/__init__.py:18[0m
[1;32m      1[0m [38;5;124;03m"""[39;00m
[1;32m      2[0m [38;5;124;03mCopyright, the CVXPY authors[39;00m
[1;32m      3[0m 
[0;32m   (...)[0m
[1;32m     14[0m [38;5;124;03mlimitations under the License.[39;00m
[1;32m     15[0m [38;5;124;03m"""[39;00m
[1;32m     16[0m [38;5;28;01mfrom[39;00m [38;5;21;01mcvxpy[39;00m[38;5;21;01m.[39;00m[38;5;21;01mversion[39;00m [38;5;28;01mimport[39;00m (
[1;32m     17[0m     version [38;5;28;01mas[39;00m __version__,)  [38;5;66;03m# cvxpy/version.py is auto-generated[39;00m
[0;32m---> 18[0m [38;5;28;01mimport[39;00m [38;5;21;01mcvxpy[39;00m[38;5;21;01m.[39;00m[38;5;21;01minterface[39;00m[38;5;21;01m.[39;00m[38;5;21;01mscipy_wrapper[39;00m
[1;32m     19[0m [38;5;28;01mfrom[39;00m [38;5;21;01mcvxpy[39;00m[38;5;21;01m.[39;00m[38;5;21;01matoms[39;00m [38;5;28;01mimport[39;00m [38;5;241m*[39m
[1;32m     20[0m [38;5;28;01mfrom[39;00m [38;5;21;01mcvxpy[39;00m[38;5;21;01m.[39;00m[38;5;21;01mconstraints[39;00m [38;5;28;01mimport[39;00m (Constraint, PSD, SOC, NonPos, NonNeg, Zero, 
[1;32m     21[0m                                PowCone3D, PowConeND, ExpCone, 
[1;32m     22[0m                                OpRelEntrConeQuad, RelEntrConeQuad, FiniteSet,)

File [0;32m/opt/homebrew/Caskroom/miniconda/base/envs/myenv/lib/python3.10/site-packages/cvxpy/interface/__init__.py:17[0m
[1;32m      1[0m [38;5;124;03m"""[39;00m
[1;32m      2[0m [38;5;124;03mCopyright 2013 Steven Diamond[39;00m
[1;32m      3[0m 
[0;32m   (...)[0m
[1;32m     14[0m [38;5;124;03mlimitations under the License.[39;00m
[1;32m     15[0m [38;5;124;03m"""[39;00m
[0;32m---> 17[0m [38;5;28;01mfrom[39;00m [38;5;21;01mcvxpy[39;00m[38;5;21;01m.[39;00m[38;5;21;01minterface[39;00m[38;5;21;01m.[39;00m[38;5;21;01mmatrix_utilities[39;00m [38;5;28;01mimport[39;00m [38;5;241m*[39m

File [0;32m/opt/homebrew/Caskroom/miniconda/base/envs/myenv/lib/python3.10/site-packages/cvxpy/interface/matrix_utilities.py:20[0m
[1;32m     17[0m [38;5;28;01mimport[39;00m [38;5;21;01mnumbers[39;00m
[1;32m     19[0m [38;5;28;01mimport[39;00m [38;5;21;01mnumpy[39;00m [38;5;28;01mas[39;00m [38;5;21;01mnp[39;00m
[0;32m---> 20[0m [38;5;28;01mimport[39;00m [38;5;21;01mscipy[39;00m[38;5;21;01m.[39;00m[38;5;21;01msparse[39;00m [38;5;28;01mas[39;00m [38;5;21;01msp[39;00m
[1;32m     22[0m [38;5;28;01mfrom[39;00m [38;5;21;01mcvxpy[39;00m[38;5;21;01m.[39;00m[38;5;21;01minterface[39;00m [38;5;28;01mimport[39;00m numpy_interface [38;5;28;01mas[39;00m np_intf
[1;32m     24[0m [38;5;66;03m# A mapping of class to interface.[39;00m

File [0;32m/opt/homebrew/Caskroom/miniconda/base/envs/myenv/lib/python3.10/site-packages/scipy/sparse/__init__.py:283[0m
[1;32m    278[0m [38;5;28;01mfrom[39;00m [38;5;21;01m.[39;00m[38;5;21;01m_arrays[39;00m [38;5;28;01mimport[39;00m (
[1;32m    279[0m     csr_array, csc_array, lil_array, dok_array, coo_array, dia_array, bsr_array
[1;32m    280[0m )
[1;32m    282[0m [38;5;66;03m# For backward compatibility with v0.19.[39;00m
[0;32m--> 283[0m [38;5;28;01mfrom[39;00m [38;5;21;01m.[39;00m [38;5;28;01mimport[39;00m csgraph
[1;32m    285[0m [38;5;66;03m# Deprecated namespaces, to be removed in v2.0.0[39;00m
[1;32m    286[0m [38;5;28;01mfrom[39;00m [38;5;21;01m.[39;00m [38;5;28;01mimport[39;00m (
[1;32m    287[0m     base, bsr, compressed, construct, coo, csc, csr, data, dia, dok, extract,
[1;32m    288[0m     lil, sparsetools, sputils
[1;32m    289[0m )

File [0;32m/opt/homebrew/Caskroom/miniconda/base/envs/myenv/lib/python3.10/site-packages/scipy/sparse/csgraph/__init__.py:185[0m
[1;32m    157[0m __docformat__ [38;5;241m=[39m [38;5;124m"[39m[38;5;124mrestructuredtext en[39m[38;5;124m"[39m
[1;32m    159[0m __all__ [38;5;241m=[39m [[38;5;124m'[39m[38;5;124mconnected_components[39m[38;5;124m'[39m,
[1;32m    160[0m            [38;5;124m'[39m[38;5;124mlaplacian[39m[38;5;124m'[39m,
[1;32m    161[0m            [38;5;124m'[39m[38;5;124mshortest_path[39m[38;5;124m'[39m,
[0;32m   (...)[0m
[1;32m    182[0m            [38;5;124m'[39m[38;5;124mcsgraph_to_masked[39m[38;5;124m'[39m,
[1;32m    183[0m            [38;5;124m'[39m[38;5;124mNegativeCycleError[39m[38;5;124m'[39m]
[0;32m--> 185[0m [38;5;28;01mfrom[39;00m [38;5;21;01m.[39;00m[38;5;21;01m_laplacian[39;00m [38;5;28;01mimport[39;00m laplacian
[1;32m    186[0m [38;5;28;01mfrom[39;00m [38;5;21;01m.[39;00m[38;5;21;01m_shortest_path[39;00m [38;5;28;01mimport[39;00m (
[1;32m    187[0m     shortest_path, floyd_warshall, dijkstra, bellman_ford, johnson,
[1;32m    188[0m     NegativeCycleError
[1;32m    189[0m )
[1;32m    190[0m [38;5;28;01mfrom[39;00m [38;5;21;01m.[39;00m[38;5;21;01m_traversal[39;00m [38;5;28;01mimport[39;00m (
[1;32m    191[0m     breadth_first_order, depth_first_order, breadth_first_tree,
[1;32m    192[0m     depth_first_tree, connected_components
[1;32m    193[0m )

File [0;32m/opt/homebrew/Caskroom/miniconda/base/envs/myenv/lib/python3.10/site-packages/scipy/sparse/csgraph/_laplacian.py:7[0m
[1;32m      5[0m [38;5;28;01mimport[39;00m [38;5;21;01mnumpy[39;00m [38;5;28;01mas[39;00m [38;5;21;01mnp[39;00m
[1;32m      6[0m [38;5;28;01mfrom[39;00m [38;5;21;01mscipy[39;00m[38;5;21;01m.[39;00m[38;5;21;01msparse[39;00m [38;5;28;01mimport[39;00m isspmatrix
[0;32m----> 7[0m [38;5;28;01mfrom[39;00m [38;5;21;01mscipy[39;00m[38;5;21;01m.[39;00m[38;5;21;01msparse[39;00m[38;5;21;01m.[39;00m[38;5;21;01mlinalg[39;00m [38;5;28;01mimport[39;00m LinearOperator
[1;32m     10[0m [38;5;66;03m###############################################################################[39;00m
[1;32m     11[0m [38;5;66;03m# Graph laplacian[39;00m
[1;32m     12[0m [38;5;28;01mdef[39;00m [38;5;21mlaplacian[39m(
[1;32m     13[0m     csgraph,
[1;32m     14[0m     normed[38;5;241m=[39m[38;5;28;01mFalse[39;00m,
[0;32m   (...)[0m
[1;32m     21[0m     symmetrized[38;5;241m=[39m[38;5;28;01mFalse[39;00m,
[1;32m     22[0m ):

File [0;32m/opt/homebrew/Caskroom/miniconda/base/envs/myenv/lib/python3.10/site-packages/scipy/sparse/linalg/__init__.py:120[0m
[1;32m      1[0m [38;5;124;03m"""[39;00m
[1;32m      2[0m [38;5;124;03mSparse linear algebra (:mod:`scipy.sparse.linalg`)[39;00m
[1;32m      3[0m [38;5;124;03m==================================================[39;00m
[0;32m   (...)[0m
[1;32m    117[0m 
[1;32m    118[0m [38;5;124;03m"""[39;00m
[0;32m--> 120[0m [38;5;28;01mfrom[39;00m [38;5;21;01m.[39;00m[38;5;21;01m_isolve[39;00m [38;5;28;01mimport[39;00m [38;5;241m*[39m
[1;32m    121[0m [38;5;28;01mfrom[39;00m [38;5;21;01m.[39;00m[38;5;21;01m_dsolve[39;00m [38;5;28;01mimport[39;00m [38;5;241m*[39m
[1;32m    122[0m [38;5;28;01mfrom[39;00m [38;5;21;01m.[39;00m[38;5;21;01m_interface[39;00m [38;5;28;01mimport[39;00m [38;5;241m*[39m

File [0;32m/opt/homebrew/Caskroom/miniconda/base/envs/myenv/lib/python3.10/site-packages/scipy/sparse/linalg/_isolve/__init__.py:4[0m
[1;32m      1[0m [38;5;124m"[39m[38;5;124mIterative Solvers for Sparse Linear Systems[39m[38;5;124m"[39m
[1;32m      3[0m [38;5;66;03m#from info import __doc__[39;00m
[0;32m----> 4[0m [38;5;28;01mfrom[39;00m [38;5;21;01m.[39;00m[38;5;21;01miterative[39;00m [38;5;28;01mimport[39;00m [38;5;241m*[39m
[1;32m      5[0m [38;5;28;01mfrom[39;00m [38;5;21;01m.[39;00m[38;5;21;01mminres[39;00m [38;5;28;01mimport[39;00m minres
[1;32m      6[0m [38;5;28;01mfrom[39;00m [38;5;21;01m.[39;00m[38;5;21;01mlgmres[39;00m [38;5;28;01mimport[39;00m lgmres

File [0;32m/opt/homebrew/Caskroom/miniconda/base/envs/myenv/lib/python3.10/site-packages/scipy/sparse/linalg/_isolve/iterative.py:9[0m
[1;32m      6[0m [38;5;28;01mfrom[39;00m [38;5;21;01mtextwrap[39;00m [38;5;28;01mimport[39;00m dedent
[1;32m      7[0m [38;5;28;01mimport[39;00m [38;5;21;01mnumpy[39;00m [38;5;28;01mas[39;00m [38;5;21;01mnp[39;00m
[0;32m----> 9[0m [38;5;28;01mfrom[39;00m [38;5;21;01m.[39;00m [38;5;28;01mimport[39;00m _iterative
[1;32m     11[0m [38;5;28;01mfrom[39;00m [38;5;21;01mscipy[39;00m[38;5;21;01m.[39;00m[38;5;21;01msparse[39;00m[38;5;21;01m.[39;00m[38;5;21;01mlinalg[39;00m[38;5;21;01m.[39;00m[38;5;21;01m_interface[39;00m [38;5;28;01mimport[39;00m LinearOperator
[1;32m     12[0m [38;5;28;01mfrom[39;00m [38;5;21;01m.[39;00m[38;5;21;01mutils[39;00m [38;5;28;01mimport[39;00m make_system

[0;31mImportError[0m: dlopen(/opt/homebrew/Caskroom/miniconda/base/envs/myenv/lib/python3.10/site-packages/scipy/sparse/linalg/_isolve/_iterative.cpython-310-darwin.so, 0x0002): Library not loaded: @rpath/liblapack.3.dylib
  Referenced from: <846DFF65-4FFB-38DE-96F0-B03D32D3ADE3> /opt/homebrew/Caskroom/miniconda/base/envs/myenv/lib/python3.10/site-packages/scipy/sparse/linalg/_isolve/_iterative.cpython-310-darwin.so
  Reason: tried: '/opt/homebrew/Caskroom/miniconda/base/envs/myenv/lib/python3.10/site-packages/scipy/sparse/linalg/_isolve/liblapack.3.dylib' (no such file), '/opt/homebrew/Caskroom/miniconda/base/envs/myenv/lib/python3.10/site-packages/scipy/sparse/linalg/_isolve/../../../../../../liblapack.3.dylib' (no such file), '/opt/homebrew/Caskroom/miniconda/base/envs/myenv/lib/python3.10/site-packages/scipy/sparse/linalg/_isolve/liblapack.3.dylib' (no such file), '/opt/homebrew/Caskroom/miniconda/base/envs/myenv/lib/python3.10/site-packages/scipy/sparse/linalg/_isolve/../../../../../../liblapack.3.dylib' (no such file), '/opt/homebrew/Caskroom/miniconda/base/envs/myenv/bin/../lib/liblapack.3.dylib' (no such file), '/opt/homebrew/Caskroom/miniconda/base/envs/myenv/bin/../lib/liblapack.3.dylib' (no such file), '/System/Volumes/Preboot/Cryptexes/OS@rpath/liblapack.3.dylib' (no such file), '/opt/homebrew/Caskroom/miniconda/base/envs/myenv/lib/python3.10/site-packages/scipy/sparse/linalg/_isolve/liblapack.3.dylib' (no such file), '/opt/homebrew/Caskroom/miniconda/base/envs/myenv/lib/python3.10/site-packages/scipy/sparse/linalg/_isolve/../../../../../../liblapack.3.dylib' (no such file), '/opt/homebrew/Caskroom/miniconda/base/envs/myenv/lib/python3.10/site-packages/scipy/sparse/linalg/_isolve/liblapack.3.dylib' (no such file), '/opt/homebrew/Caskroom/miniconda/base/envs/myenv/lib/python3.10/site-packages/scipy/sparse/linalg/_isolve/../../../../../../liblapack.3.dylib' (no such file), '/opt/homebrew/Caskroom/miniconda/base/envs/myenv/bin/../lib/liblapack.3.dylib' (no such file), '/opt/homebrew/Caskroom/miniconda/base/envs/myenv/bin/../lib/liblapack.3.dylib' (no such file), '/usr/local/lib/liblapack.3.dylib' (no such file), '/usr/lib/liblapack.3.dylib' (no such file, not in dyld cache)
ImportError: dlopen(/opt/homebrew/Caskroom/miniconda/base/envs/myenv/lib/python3.10/site-packages/scipy/sparse/linalg/_isolve/_iterative.cpython-310-darwin.so, 0x0002): Library not loaded: @rpath/liblapack.3.dylib
  Referenced from: <846DFF65-4FFB-38DE-96F0-B03D32D3ADE3> /opt/homebrew/Caskroom/miniconda/base/envs/myenv/lib/python3.10/site-packages/scipy/sparse/linalg/_isolve/_iterative.cpython-310-darwin.so
  Reason: tried: '/opt/homebrew/Caskroom/miniconda/base/envs/myenv/lib/python3.10/site-packages/scipy/sparse/linalg/_isolve/liblapack.3.dylib' (no such file), '/opt/homebrew/Caskroom/miniconda/base/envs/myenv/lib/python3.10/site-packages/scipy/sparse/linalg/_isolve/../../../../../../liblapack.3.dylib' (no such file), '/opt/homebrew/Caskroom/miniconda/base/envs/myenv/lib/python3.10/site-packages/scipy/sparse/linalg/_isolve/liblapack.3.dylib' (no such file), '/opt/homebrew/Caskroom/miniconda/base/envs/myenv/lib/python3.10/site-packages/scipy/sparse/linalg/_isolve/../../../../../../liblapack.3.dylib' (no such file), '/opt/homebrew/Caskroom/miniconda/base/envs/myenv/bin/../lib/liblapack.3.dylib' (no such file), '/opt/homebrew/Caskroom/miniconda/base/envs/myenv/bin/../lib/liblapack.3.dylib' (no such file), '/System/Volumes/Preboot/Cryptexes/OS@rpath/liblapack.3.dylib' (no such file), '/opt/homebrew/Caskroom/miniconda/base/envs/myenv/lib/python3.10/site-packages/scipy/sparse/linalg/_isolve/liblapack.3.dylib' (no such file), '/opt/homebrew/Caskroom/miniconda/base/envs/myenv/lib/python3.10/site-packages/scipy/sparse/linalg/_isolve/../../../../../../liblapack.3.dylib' (no such file), '/opt/homebrew/Caskroom/miniconda/base/envs/myenv/lib/python3.10/site-packages/scipy/sparse/linalg/_isolve/liblapack.3.dylib' (no such file), '/opt/homebrew/Caskroom/miniconda/base/envs/myenv/lib/python3.10/site-packages/scipy/sparse/linalg/_isolve/../../../../../../liblapack.3.dylib' (no such file), '/opt/homebrew/Caskroom/miniconda/base/envs/myenv/bin/../lib/liblapack.3.dylib' (no such file), '/opt/homebrew/Caskroom/miniconda/base/envs/myenv/bin/../lib/liblapack.3.dylib' (no such file), '/usr/local/lib/liblapack.3.dylib' (no such file), '/usr/lib/liblapack.3.dylib' (no such file, not in dyld cache)

